<?xml version="1.0" encoding="UTF-8"?>
<!-- Generated by org.testng.reporters.JUnitXMLReporter -->
<testsuite ignored="2" hostname="LAP00181" failures="1" tests="3" name="Test" time="38.92" errors="0" timestamp="2023-02-01T08:01:33 IST">
  <testcase classname="testcases.LoginFB" name="openFBLoginPage" time="0.47"/>
  <testcase classname="testcases.LogoutFB" name="verifyTitle" time="6.989"/>
  <testcase classname="testcases.LogoutFB" name="logout" time="10.237">
    <failure type="java.lang.AssertionError" message="expected [true] but found [false]">
      <![CDATA[java.lang.AssertionError: expected [true] but found [false]
at testcases.LogoutFB.logout(LogoutFB.java:43)
at java.base/java.util.ArrayList.forEach(ArrayList.java:1511)
... Removed 31 stack frames]]>
    </failure>
  </testcase> <!-- logout -->
  <testcase classname="base.BaseClass" name="@BeforeSuite loadConfig" time="0.0">
    <ignored/>
  </testcase> <!-- @BeforeSuite loadConfig -->
  <testcase classname="base.BaseClass" name="@AfterSuite postSuite" time="0.0">
    <ignored/>
  </testcase> <!-- @AfterSuite postSuite -->
</testsuite> <!-- Test -->
